2022-05-21 11:55:18,971 - Yes Vmoksha Technologies is present on this url https://www.ambitionbox.com/overview/vmoksha-technologies-overview
2022-05-21 11:59:15,068 - Yes Vmoksha Technologies is present on this url https://www.ambitionbox.com/overview/vmoksha-technologies-overview
2022-05-21 12:32:15,875 - No, 'Vmoksha is not present on this url https://www.ambitionbox.com/overview/vmoksha-technologies-overview
2022-05-21 12:33:00,624 - Yes Vmoksha Technologies is present on this url https://www.ambitionbox.com/overview/vmoksha-technologies-overview
2022-05-21 12:33:48,870 - Yes Vmoksha Technologies is present on this url https://www.ambitionbox.com/overview/vmoksha-technologies-overview
2022-05-21 12:34:28,010 - No, Vmoksha Technologies is not present on this url https://in.linkedin.com/company/vmoksha-technologies
2022-05-21 12:35:48,378 - No, Vmoksha Technologies is not present on this url https://in.linkedin.com/company/vmoksha-technologies
2022-05-21 12:36:35,027 - No, Vmoksha Technologies is not present on this url https://in.linkedin.com/company/vmoksha-technologies
2022-05-21 12:42:11,499 - No, Vmoksha Technologies is not present on this url https://in.linkedin.com/company/vmoksha-technologies
2022-05-21 12:44:38,556 - Yes Vmoksha Technologies is present on this url https://www.vmokshagroup.com/
2022-05-21 12:45:42,666 - Yes Vmoksha Technologies is present on this url https://www.vmokshagroup.com/
2022-05-21 12:46:45,341 - Yes Vmoksha Technologies is present on this url https://www.glassdoor.co.in/Reviews/Vmoksha-Technologies-Reviews-E259808.htm
2022-05-21 12:47:27,861 - Yes Vmoksha Technologies is present on this url https://www.indiamart.com/vmoksha-tech/aboutus.html
2022-05-21 12:49:01,949 - No, Vmoksha Technologies is not present on this url https://www.flipkart.com/
2022-05-21 12:49:58,134 - No, Vmoksha Technologies is not present on this url https://twitter.com/infovmoksha?lang=en
2022-05-21 12:51:15,484 - Yes Vmoksha Technologies is present on this url https://www.signalhire.com/companies/vmoksha-technologies-pvt-ltd/employees
2022-05-24 12:18:46,505 - No, Vmoksha Technologies is not present on this url https://james-camerons-avatar.fandom.com/wiki/Blog:Recent_posts
2022-05-24 12:19:32,873 - Yes Infosys is present on this url https://www.infosys.com/
2022-05-24 12:20:16,414 - Yes Infosys is present on this url https://en.wikipedia.org/wiki/Infosys
2022-05-24 12:20:58,838 - Yes Infosys is present on this url https://en.wikipedia.org/wiki/Infosys
2022-05-24 12:21:41,023 - Yes Infosys is present on this url https://www.news18.com/news/business/tcs-infosys-hcl-work-from-home-to-continue-what-it-companies-say-on-office-opening-5223835.html
2022-05-24 12:27:23,282 - Yes Infosys is present on this url https://in.indeed.com/cmp/Infosys
